
*** Running vivado
    with args -log top.vds -m64 -product Vivado -mode batch -messageDb vivado.pb -notrace -source top.tcl



****** Vivado v2020.2 (64-bit)
  **** SW Build 3064766 on Wed Nov 18 09:12:45 MST 2020
  **** IP Build 3064653 on Wed Nov 18 14:17:31 MST 2020
    ** Copyright 1986-2020 Xilinx, Inc. All Rights Reserved.

source top.tcl -notrace
Command: synth_design -top top -part xc7a35tcpg236-1 -max_dsp 0
Starting synth_design
Attempting to get a license for feature 'Synthesis' and/or device 'xc7a35t'
INFO: [Common 17-349] Got license for feature 'Synthesis' and/or device 'xc7a35t'
INFO: [Vivado_Tcl 4-287] User specified maximum number of block DSP allowed in design is 0
INFO: [Device 21-403] Loading part xc7a35tcpg236-1
INFO: [Synth 8-7079] Multithreading enabled for synth_design using a maximum of 2 processes.
INFO: [Synth 8-7078] Launching helper process for spawning children vivado processes
INFO: [Synth 8-7075] Helper process launched with PID 29760
---------------------------------------------------------------------------------
Starting RTL Elaboration : Time (s): cpu = 00:00:03 ; elapsed = 00:00:03 . Memory (MB): peak = 1205.754 ; gain = 26.367
---------------------------------------------------------------------------------
INFO: [Synth 8-638] synthesizing module 'top' [D:/Workshop/HDL/53MHZtestok/53MHZtestok.srcs/sources_1/imports/sources_1/new/top.vhd:42]
INFO: [Synth 8-3491] module 'clk_wiz' declared at 'D:/Workshop/HDL/53MHZtestok/53MHZtestok.runs/synth_1/.Xil/Vivado-27396-LXXTc/realtime/clk_wiz_stub.vhdl:5' bound to instance 'c_wiz' of component 'clk_wiz' [D:/Workshop/HDL/53MHZtestok/53MHZtestok.srcs/sources_1/imports/sources_1/new/top.vhd:102]
INFO: [Synth 8-638] synthesizing module 'clk_wiz' [D:/Workshop/HDL/53MHZtestok/53MHZtestok.runs/synth_1/.Xil/Vivado-27396-LXXTc/realtime/clk_wiz_stub.vhdl:15]
INFO: [Synth 8-3491] module 'ila_0' declared at 'D:/Workshop/HDL/53MHZtestok/53MHZtestok.runs/synth_1/.Xil/Vivado-27396-LXXTc/realtime/ila_0_stub.vhdl:5' bound to instance 'i_ila' of component 'ila_0' [D:/Workshop/HDL/53MHZtestok/53MHZtestok.srcs/sources_1/imports/sources_1/new/top.vhd:103]
INFO: [Synth 8-638] synthesizing module 'ila_0' [D:/Workshop/HDL/53MHZtestok/53MHZtestok.runs/synth_1/.Xil/Vivado-27396-LXXTc/realtime/ila_0_stub.vhdl:15]
INFO: [Synth 8-3491] module 'arm' declared at 'D:/Workshop/HDL/53MHZtestok/53MHZtestok.srcs/sources_1/imports/sources_1/imports/QQ/arm.vhd:4' bound to instance 'i_arm' of component 'arm' [D:/Workshop/HDL/53MHZtestok/53MHZtestok.srcs/sources_1/imports/sources_1/new/top.vhd:104]
INFO: [Synth 8-638] synthesizing module 'arm' [D:/Workshop/HDL/53MHZtestok/53MHZtestok.srcs/sources_1/imports/sources_1/imports/QQ/arm.vhd:13]
INFO: [Synth 8-3491] module 'controller' declared at 'D:/Workshop/HDL/53MHZtestok/53MHZtestok.srcs/sources_1/imports/sources_1/new/controller.vhd:34' bound to instance 'cont' of component 'controller' [D:/Workshop/HDL/53MHZtestok/53MHZtestok.srcs/sources_1/imports/sources_1/imports/QQ/arm.vhd:51]
INFO: [Synth 8-638] synthesizing module 'controller' [D:/Workshop/HDL/53MHZtestok/53MHZtestok.srcs/sources_1/imports/sources_1/new/controller.vhd:50]
INFO: [Synth 8-3491] module 'decoder' declared at 'D:/Workshop/HDL/53MHZtestok/53MHZtestok.srcs/sources_1/imports/sources_1/new/decoder.vhd:34' bound to instance 'dec' of component 'decoder' [D:/Workshop/HDL/53MHZtestok/53MHZtestok.srcs/sources_1/imports/sources_1/new/controller.vhd:75]
INFO: [Synth 8-638] synthesizing module 'decoder' [D:/Workshop/HDL/53MHZtestok/53MHZtestok.srcs/sources_1/imports/sources_1/new/decoder.vhd:47]
WARNING: [Synth 8-153] case item 4'b10xx will never be executed [D:/Workshop/HDL/53MHZtestok/53MHZtestok.srcs/sources_1/imports/sources_1/new/decoder.vhd:55]
WARNING: [Synth 8-614] signal 'ALUControl' is read in the process but is not in the sensitivity list [D:/Workshop/HDL/53MHZtestok/53MHZtestok.srcs/sources_1/imports/sources_1/new/decoder.vhd:78]
INFO: [Synth 8-256] done synthesizing module 'decoder' (1#1) [D:/Workshop/HDL/53MHZtestok/53MHZtestok.srcs/sources_1/imports/sources_1/new/decoder.vhd:47]
INFO: [Synth 8-3491] module 'condlogic' declared at 'D:/Workshop/HDL/53MHZtestok/53MHZtestok.srcs/sources_1/imports/sources_1/new/condlogic.vhd:3' bound to instance 'cl' of component 'condlogic' [D:/Workshop/HDL/53MHZtestok/53MHZtestok.srcs/sources_1/imports/sources_1/new/controller.vhd:81]
INFO: [Synth 8-638] synthesizing module 'condlogic' [D:/Workshop/HDL/53MHZtestok/53MHZtestok.srcs/sources_1/imports/sources_1/new/condlogic.vhd:13]
	Parameter width bound to: 2 - type: integer 
INFO: [Synth 8-3491] module 'flopenr' declared at 'D:/Workshop/HDL/53MHZtestok/53MHZtestok.srcs/sources_1/imports/sources_1/new/flopenr.vhd:4' bound to instance 'flagregl' of component 'flopenr' [D:/Workshop/HDL/53MHZtestok/53MHZtestok.srcs/sources_1/imports/sources_1/new/condlogic.vhd:29]
INFO: [Synth 8-638] synthesizing module 'flopenr' [D:/Workshop/HDL/53MHZtestok/53MHZtestok.srcs/sources_1/imports/sources_1/new/flopenr.vhd:11]
	Parameter width bound to: 2 - type: integer 
INFO: [Synth 8-256] done synthesizing module 'flopenr' (2#1) [D:/Workshop/HDL/53MHZtestok/53MHZtestok.srcs/sources_1/imports/sources_1/new/flopenr.vhd:11]
	Parameter width bound to: 2 - type: integer 
INFO: [Synth 8-3491] module 'flopenr' declared at 'D:/Workshop/HDL/53MHZtestok/53MHZtestok.srcs/sources_1/imports/sources_1/new/flopenr.vhd:4' bound to instance 'flagreg0' of component 'flopenr' [D:/Workshop/HDL/53MHZtestok/53MHZtestok.srcs/sources_1/imports/sources_1/new/condlogic.vhd:32]
INFO: [Synth 8-3491] module 'condcheck' declared at 'D:/Workshop/HDL/53MHZtestok/53MHZtestok.srcs/sources_1/imports/sources_1/new/condcheck.vhd:3' bound to instance 'cc' of component 'condcheck' [D:/Workshop/HDL/53MHZtestok/53MHZtestok.srcs/sources_1/imports/sources_1/new/condlogic.vhd:35]
INFO: [Synth 8-638] synthesizing module 'condcheck' [D:/Workshop/HDL/53MHZtestok/53MHZtestok.srcs/sources_1/imports/sources_1/new/condcheck.vhd:9]
WARNING: [Synth 8-614] signal 'zero' is read in the process but is not in the sensitivity list [D:/Workshop/HDL/53MHZtestok/53MHZtestok.srcs/sources_1/imports/sources_1/new/condcheck.vhd:17]
WARNING: [Synth 8-614] signal 'carry' is read in the process but is not in the sensitivity list [D:/Workshop/HDL/53MHZtestok/53MHZtestok.srcs/sources_1/imports/sources_1/new/condcheck.vhd:17]
WARNING: [Synth 8-614] signal 'neg' is read in the process but is not in the sensitivity list [D:/Workshop/HDL/53MHZtestok/53MHZtestok.srcs/sources_1/imports/sources_1/new/condcheck.vhd:17]
WARNING: [Synth 8-614] signal 'overflow' is read in the process but is not in the sensitivity list [D:/Workshop/HDL/53MHZtestok/53MHZtestok.srcs/sources_1/imports/sources_1/new/condcheck.vhd:17]
WARNING: [Synth 8-614] signal 'ge' is read in the process but is not in the sensitivity list [D:/Workshop/HDL/53MHZtestok/53MHZtestok.srcs/sources_1/imports/sources_1/new/condcheck.vhd:17]
INFO: [Synth 8-256] done synthesizing module 'condcheck' (3#1) [D:/Workshop/HDL/53MHZtestok/53MHZtestok.srcs/sources_1/imports/sources_1/new/condcheck.vhd:9]
INFO: [Synth 8-256] done synthesizing module 'condlogic' (4#1) [D:/Workshop/HDL/53MHZtestok/53MHZtestok.srcs/sources_1/imports/sources_1/new/condlogic.vhd:13]
INFO: [Synth 8-256] done synthesizing module 'controller' (5#1) [D:/Workshop/HDL/53MHZtestok/53MHZtestok.srcs/sources_1/imports/sources_1/new/controller.vhd:50]
INFO: [Synth 8-3491] module 'datapath' declared at 'D:/Workshop/HDL/53MHZtestok/53MHZtestok.srcs/sources_1/imports/sources_1/imports/QQ/datapath.vhd:4' bound to instance 'dp' of component 'datapath' [D:/Workshop/HDL/53MHZtestok/53MHZtestok.srcs/sources_1/imports/sources_1/imports/QQ/arm.vhd:64]
INFO: [Synth 8-638] synthesizing module 'datapath' [D:/Workshop/HDL/53MHZtestok/53MHZtestok.srcs/sources_1/imports/sources_1/imports/QQ/datapath.vhd:20]
	Parameter width bound to: 16 - type: integer 
INFO: [Synth 8-3491] module 'mux2' declared at 'D:/Workshop/HDL/53MHZtestok/53MHZtestok.srcs/sources_1/imports/sources_1/new/mux2.vhd:4' bound to instance 'pcmux' of component 'mux2' [D:/Workshop/HDL/53MHZtestok/53MHZtestok.srcs/sources_1/imports/sources_1/imports/QQ/datapath.vhd:67]
INFO: [Synth 8-638] synthesizing module 'mux2' [D:/Workshop/HDL/53MHZtestok/53MHZtestok.srcs/sources_1/imports/sources_1/new/mux2.vhd:11]
	Parameter width bound to: 16 - type: integer 
INFO: [Synth 8-256] done synthesizing module 'mux2' (6#1) [D:/Workshop/HDL/53MHZtestok/53MHZtestok.srcs/sources_1/imports/sources_1/new/mux2.vhd:11]
	Parameter width bound to: 16 - type: integer 
INFO: [Synth 8-3491] module 'flopr' declared at 'D:/Workshop/HDL/53MHZtestok/53MHZtestok.srcs/sources_1/imports/sources_1/new/flopr.vhd:4' bound to instance 'pcreg' of component 'flopr' [D:/Workshop/HDL/53MHZtestok/53MHZtestok.srcs/sources_1/imports/sources_1/imports/QQ/datapath.vhd:72]
INFO: [Synth 8-638] synthesizing module 'flopr' [D:/Workshop/HDL/53MHZtestok/53MHZtestok.srcs/sources_1/imports/sources_1/new/flopr.vhd:11]
	Parameter width bound to: 16 - type: integer 
INFO: [Synth 8-256] done synthesizing module 'flopr' (7#1) [D:/Workshop/HDL/53MHZtestok/53MHZtestok.srcs/sources_1/imports/sources_1/new/flopr.vhd:11]
INFO: [Synth 8-3491] module 'adder' declared at 'D:/Workshop/HDL/53MHZtestok/53MHZtestok.srcs/sources_1/imports/sources_1/new/adder.vhd:35' bound to instance 'pcadd1' of component 'adder' [D:/Workshop/HDL/53MHZtestok/53MHZtestok.srcs/sources_1/imports/sources_1/imports/QQ/datapath.vhd:77]
INFO: [Synth 8-638] synthesizing module 'adder' [D:/Workshop/HDL/53MHZtestok/53MHZtestok.srcs/sources_1/imports/sources_1/new/adder.vhd:41]
INFO: [Synth 8-256] done synthesizing module 'adder' (8#1) [D:/Workshop/HDL/53MHZtestok/53MHZtestok.srcs/sources_1/imports/sources_1/new/adder.vhd:41]
INFO: [Synth 8-3491] module 'adder' declared at 'D:/Workshop/HDL/53MHZtestok/53MHZtestok.srcs/sources_1/imports/sources_1/new/adder.vhd:35' bound to instance 'pcadd2' of component 'adder' [D:/Workshop/HDL/53MHZtestok/53MHZtestok.srcs/sources_1/imports/sources_1/imports/QQ/datapath.vhd:81]
	Parameter width bound to: 4 - type: integer 
INFO: [Synth 8-3491] module 'mux2' declared at 'D:/Workshop/HDL/53MHZtestok/53MHZtestok.srcs/sources_1/imports/sources_1/new/mux2.vhd:4' bound to instance 'ralmux' of component 'mux2' [D:/Workshop/HDL/53MHZtestok/53MHZtestok.srcs/sources_1/imports/sources_1/imports/QQ/datapath.vhd:86]
INFO: [Synth 8-638] synthesizing module 'mux2__parameterized1' [D:/Workshop/HDL/53MHZtestok/53MHZtestok.srcs/sources_1/imports/sources_1/new/mux2.vhd:11]
	Parameter width bound to: 4 - type: integer 
INFO: [Synth 8-256] done synthesizing module 'mux2__parameterized1' (8#1) [D:/Workshop/HDL/53MHZtestok/53MHZtestok.srcs/sources_1/imports/sources_1/new/mux2.vhd:11]
	Parameter width bound to: 4 - type: integer 
INFO: [Synth 8-3491] module 'mux2' declared at 'D:/Workshop/HDL/53MHZtestok/53MHZtestok.srcs/sources_1/imports/sources_1/new/mux2.vhd:4' bound to instance 'ra2mux' of component 'mux2' [D:/Workshop/HDL/53MHZtestok/53MHZtestok.srcs/sources_1/imports/sources_1/imports/QQ/datapath.vhd:91]
INFO: [Synth 8-3491] module 'registerfile' declared at 'D:/Workshop/HDL/53MHZtestok/53MHZtestok.srcs/sources_1/imports/sources_1/new/registerfile.vhd:34' bound to instance 'rf' of component 'registerfile' [D:/Workshop/HDL/53MHZtestok/53MHZtestok.srcs/sources_1/imports/sources_1/imports/QQ/datapath.vhd:96]
INFO: [Synth 8-638] synthesizing module 'registerfile' [D:/Workshop/HDL/53MHZtestok/53MHZtestok.srcs/sources_1/imports/sources_1/new/registerfile.vhd:44]
INFO: [Synth 8-256] done synthesizing module 'registerfile' (9#1) [D:/Workshop/HDL/53MHZtestok/53MHZtestok.srcs/sources_1/imports/sources_1/new/registerfile.vhd:44]
	Parameter width bound to: 16 - type: integer 
INFO: [Synth 8-3491] module 'mux2' declared at 'D:/Workshop/HDL/53MHZtestok/53MHZtestok.srcs/sources_1/imports/sources_1/new/mux2.vhd:4' bound to instance 'resmux' of component 'mux2' [D:/Workshop/HDL/53MHZtestok/53MHZtestok.srcs/sources_1/imports/sources_1/imports/QQ/datapath.vhd:106]
INFO: [Synth 8-3491] module 'extend' declared at 'D:/Workshop/HDL/53MHZtestok/53MHZtestok.srcs/sources_1/imports/sources_1/new/extend.vhd:34' bound to instance 'ext' of component 'extend' [D:/Workshop/HDL/53MHZtestok/53MHZtestok.srcs/sources_1/imports/sources_1/imports/QQ/datapath.vhd:111]
INFO: [Synth 8-638] synthesizing module 'extend' [D:/Workshop/HDL/53MHZtestok/53MHZtestok.srcs/sources_1/imports/sources_1/new/extend.vhd:42]
INFO: [Synth 8-256] done synthesizing module 'extend' (10#1) [D:/Workshop/HDL/53MHZtestok/53MHZtestok.srcs/sources_1/imports/sources_1/new/extend.vhd:42]
	Parameter width bound to: 16 - type: integer 
INFO: [Synth 8-3491] module 'mux2' declared at 'D:/Workshop/HDL/53MHZtestok/53MHZtestok.srcs/sources_1/imports/sources_1/new/mux2.vhd:4' bound to instance 'srcbmux' of component 'mux2' [D:/Workshop/HDL/53MHZtestok/53MHZtestok.srcs/sources_1/imports/sources_1/imports/QQ/datapath.vhd:116]
INFO: [Synth 8-3491] module 'ALU' declared at 'D:/Workshop/HDL/53MHZtestok/53MHZtestok.srcs/sources_1/imports/sources_1/new/alu.vhd:5' bound to instance 'i_alu' of component 'alu' [D:/Workshop/HDL/53MHZtestok/53MHZtestok.srcs/sources_1/imports/sources_1/imports/QQ/datapath.vhd:121]
INFO: [Synth 8-638] synthesizing module 'ALU' [D:/Workshop/HDL/53MHZtestok/53MHZtestok.srcs/sources_1/imports/sources_1/new/alu.vhd:14]
INFO: [Synth 8-3491] module 'mul' declared at 'D:/Workshop/HDL/53MHZtestok/53MHZtestok.srcs/sources_1/imports/sources_1/new/mul.vhd:5' bound to instance 'i_mul' of component 'mul' [D:/Workshop/HDL/53MHZtestok/53MHZtestok.srcs/sources_1/imports/sources_1/new/alu.vhd:28]
INFO: [Synth 8-638] synthesizing module 'mul' [D:/Workshop/HDL/53MHZtestok/53MHZtestok.srcs/sources_1/imports/sources_1/new/mul.vhd:10]
INFO: [Synth 8-256] done synthesizing module 'mul' (11#1) [D:/Workshop/HDL/53MHZtestok/53MHZtestok.srcs/sources_1/imports/sources_1/new/mul.vhd:10]
INFO: [Synth 8-226] default block is never used [D:/Workshop/HDL/53MHZtestok/53MHZtestok.srcs/sources_1/imports/sources_1/new/alu.vhd:36]
INFO: [Synth 8-256] done synthesizing module 'ALU' (12#1) [D:/Workshop/HDL/53MHZtestok/53MHZtestok.srcs/sources_1/imports/sources_1/new/alu.vhd:14]
INFO: [Synth 8-256] done synthesizing module 'datapath' (13#1) [D:/Workshop/HDL/53MHZtestok/53MHZtestok.srcs/sources_1/imports/sources_1/imports/QQ/datapath.vhd:20]
INFO: [Synth 8-256] done synthesizing module 'arm' (14#1) [D:/Workshop/HDL/53MHZtestok/53MHZtestok.srcs/sources_1/imports/sources_1/imports/QQ/arm.vhd:13]
INFO: [Synth 8-3491] module 'imem' declared at 'D:/Workshop/HDL/53MHZtestok/53MHZtestok.runs/synth_1/.Xil/Vivado-27396-LXXTc/realtime/imem_stub.vhdl:5' bound to instance 'imem1' of component 'imem' [D:/Workshop/HDL/53MHZtestok/53MHZtestok.srcs/sources_1/imports/sources_1/new/top.vhd:107]
INFO: [Synth 8-638] synthesizing module 'imem' [D:/Workshop/HDL/53MHZtestok/53MHZtestok.runs/synth_1/.Xil/Vivado-27396-LXXTc/realtime/imem_stub.vhdl:13]
INFO: [Synth 8-3491] module 'dmem' declared at 'D:/Workshop/HDL/53MHZtestok/53MHZtestok.runs/synth_1/.Xil/Vivado-27396-LXXTc/realtime/dmem_stub.vhdl:5' bound to instance 'dmem1' of component 'dmem' [D:/Workshop/HDL/53MHZtestok/53MHZtestok.srcs/sources_1/imports/sources_1/new/top.vhd:108]
INFO: [Synth 8-638] synthesizing module 'dmem' [D:/Workshop/HDL/53MHZtestok/53MHZtestok.runs/synth_1/.Xil/Vivado-27396-LXXTc/realtime/dmem_stub.vhdl:16]
INFO: [Synth 8-6071] Mark debug on the nets applies keep_hierarchy on instance 'i_arm'. This will prevent further optimization [D:/Workshop/HDL/53MHZtestok/53MHZtestok.srcs/sources_1/imports/sources_1/new/top.vhd:104]
INFO: [Synth 8-256] done synthesizing module 'top' (15#1) [D:/Workshop/HDL/53MHZtestok/53MHZtestok.srcs/sources_1/imports/sources_1/new/top.vhd:42]
---------------------------------------------------------------------------------
Finished RTL Elaboration : Time (s): cpu = 00:00:03 ; elapsed = 00:00:04 . Memory (MB): peak = 1262.652 ; gain = 83.266
---------------------------------------------------------------------------------
---------------------------------------------------------------------------------
Start Handling Custom Attributes
---------------------------------------------------------------------------------
---------------------------------------------------------------------------------
Finished Handling Custom Attributes : Time (s): cpu = 00:00:04 ; elapsed = 00:00:04 . Memory (MB): peak = 1280.566 ; gain = 101.180
---------------------------------------------------------------------------------
---------------------------------------------------------------------------------
Finished RTL Optimization Phase 1 : Time (s): cpu = 00:00:04 ; elapsed = 00:00:04 . Memory (MB): peak = 1280.566 ; gain = 101.180
---------------------------------------------------------------------------------
Netlist sorting complete. Time (s): cpu = 00:00:00 ; elapsed = 00:00:00.005 . Memory (MB): peak = 1280.566 ; gain = 0.000
INFO: [Project 1-570] Preparing netlist for logic optimization

Processing XDC Constraints
Initializing timing engine
Parsing XDC File [d:/Workshop/HDL/53MHZtestok/53MHZtestok.gen/sources_1/ip/clk_wiz/clk_wiz/clk_wiz_in_context.xdc] for cell 'c_wiz'
Finished Parsing XDC File [d:/Workshop/HDL/53MHZtestok/53MHZtestok.gen/sources_1/ip/clk_wiz/clk_wiz/clk_wiz_in_context.xdc] for cell 'c_wiz'
Parsing XDC File [d:/Workshop/HDL/53MHZtestok/53MHZtestok.gen/sources_1/ip/ila_0/ila_0/ila_0_in_context.xdc] for cell 'i_ila'
Finished Parsing XDC File [d:/Workshop/HDL/53MHZtestok/53MHZtestok.gen/sources_1/ip/ila_0/ila_0/ila_0_in_context.xdc] for cell 'i_ila'
Parsing XDC File [d:/Workshop/HDL/53MHZtestok/53MHZtestok.gen/sources_1/ip/imem/imem/imem_in_context.xdc] for cell 'imem1'
Finished Parsing XDC File [d:/Workshop/HDL/53MHZtestok/53MHZtestok.gen/sources_1/ip/imem/imem/imem_in_context.xdc] for cell 'imem1'
Parsing XDC File [d:/Workshop/HDL/53MHZtestok/53MHZtestok.gen/sources_1/ip/dmem/dmem/dmem_in_context.xdc] for cell 'dmem1'
Finished Parsing XDC File [d:/Workshop/HDL/53MHZtestok/53MHZtestok.gen/sources_1/ip/dmem/dmem/dmem_in_context.xdc] for cell 'dmem1'
Parsing XDC File [D:/Workshop/HDL/53MHZtestok/53MHZtestok.srcs/constrs_1/imports/digilent-xdc-master/Basys-3-Master.xdc]
Finished Parsing XDC File [D:/Workshop/HDL/53MHZtestok/53MHZtestok.srcs/constrs_1/imports/digilent-xdc-master/Basys-3-Master.xdc]
INFO: [Project 1-236] Implementation specific constraints were found while reading constraint file [D:/Workshop/HDL/53MHZtestok/53MHZtestok.srcs/constrs_1/imports/digilent-xdc-master/Basys-3-Master.xdc]. These constraints will be ignored for synthesis but will be used in implementation. Impacted constraints are listed in the file [.Xil/top_propImpl.xdc].
Resolution: To avoid this warning, move constraints listed in [.Xil/top_propImpl.xdc] to another XDC file and exclude this new file from synthesis with the used_in_synthesis property (File Properties dialog in GUI) and re-run elaboration/synthesis.
Completed Processing XDC Constraints

Netlist sorting complete. Time (s): cpu = 00:00:00 ; elapsed = 00:00:00 . Memory (MB): peak = 1379.582 ; gain = 0.000
INFO: [Project 1-111] Unisim Transformation Summary:
No Unisim elements were transformed.

Constraint Validation Runtime : Time (s): cpu = 00:00:00 ; elapsed = 00:00:00.002 . Memory (MB): peak = 1379.582 ; gain = 0.000
WARNING: [Timing 38-316] Clock period '20.000' specified during out-of-context synthesis of instance 'dmem1' at clock pin 'clk' is different from the actual clock period '10.000', this can lead to different synthesis results.
---------------------------------------------------------------------------------
Finished Constraint Validation : Time (s): cpu = 00:00:08 ; elapsed = 00:00:08 . Memory (MB): peak = 1379.582 ; gain = 200.195
---------------------------------------------------------------------------------
---------------------------------------------------------------------------------
Start Loading Part and Timing Information
---------------------------------------------------------------------------------
Loading part: xc7a35tcpg236-1
---------------------------------------------------------------------------------
Finished Loading Part and Timing Information : Time (s): cpu = 00:00:08 ; elapsed = 00:00:08 . Memory (MB): peak = 1379.582 ; gain = 200.195
---------------------------------------------------------------------------------
---------------------------------------------------------------------------------
Start Applying 'set_property' XDC Constraints
---------------------------------------------------------------------------------
Applied set_property IO_BUFFER_TYPE = NONE for clk. (constraint file  d:/Workshop/HDL/53MHZtestok/53MHZtestok.gen/sources_1/ip/clk_wiz/clk_wiz/clk_wiz_in_context.xdc, line 3).
Applied set_property CLOCK_BUFFER_TYPE = NONE for clk. (constraint file  d:/Workshop/HDL/53MHZtestok/53MHZtestok.gen/sources_1/ip/clk_wiz/clk_wiz/clk_wiz_in_context.xdc, line 4).
Applied set_property KEEP_HIERARCHY = SOFT for c_wiz. (constraint file  auto generated constraint).
Applied set_property KEEP_HIERARCHY = SOFT for i_ila. (constraint file  auto generated constraint).
Applied set_property KEEP_HIERARCHY = SOFT for imem1. (constraint file  auto generated constraint).
Applied set_property KEEP_HIERARCHY = SOFT for dmem1. (constraint file  auto generated constraint).
---------------------------------------------------------------------------------
Finished applying 'set_property' XDC Constraints : Time (s): cpu = 00:00:08 ; elapsed = 00:00:08 . Memory (MB): peak = 1379.582 ; gain = 200.195
---------------------------------------------------------------------------------
---------------------------------------------------------------------------------
Finished RTL Optimization Phase 2 : Time (s): cpu = 00:00:08 ; elapsed = 00:00:08 . Memory (MB): peak = 1379.582 ; gain = 200.195
---------------------------------------------------------------------------------
---------------------------------------------------------------------------------
Start RTL Component Statistics 
---------------------------------------------------------------------------------
Detailed RTL Component Info : 
+---Adders : 
	   3 Input   17 Bit       Adders := 1     
	   2 Input   16 Bit       Adders := 4     
	   2 Input    8 Bit       Adders := 1     
+---XORs : 
	   2 Input      1 Bit         XORs := 3     
	   3 Input      1 Bit         XORs := 1     
+---Registers : 
	               16 Bit    Registers := 1     
	                2 Bit    Registers := 2     
+---Muxes : 
	   2 Input   17 Bit        Muxes := 1     
	   2 Input   16 Bit        Muxes := 7     
	   4 Input   16 Bit        Muxes := 1     
	   2 Input   10 Bit        Muxes := 1     
	   8 Input   10 Bit        Muxes := 1     
	   2 Input    8 Bit        Muxes := 1     
	   2 Input    4 Bit        Muxes := 2     
	   8 Input    3 Bit        Muxes := 1     
	   2 Input    2 Bit        Muxes := 2     
---------------------------------------------------------------------------------
Finished RTL Component Statistics 
---------------------------------------------------------------------------------
---------------------------------------------------------------------------------
Start Part Resource Summary
---------------------------------------------------------------------------------
Part Resources:
DSPs: 90 (col length:60)
BRAMs: 100 (col length: RAMB18 60 RAMB36 30)
---------------------------------------------------------------------------------
Finished Part Resource Summary
---------------------------------------------------------------------------------
---------------------------------------------------------------------------------
Start Cross Boundary and Area Optimization
---------------------------------------------------------------------------------
---------------------------------------------------------------------------------
Finished Cross Boundary and Area Optimization : Time (s): cpu = 00:00:10 ; elapsed = 00:00:10 . Memory (MB): peak = 1379.582 ; gain = 200.195
---------------------------------------------------------------------------------
---------------------------------------------------------------------------------
Start ROM, RAM, DSP, Shift Register and Retiming Reporting
---------------------------------------------------------------------------------

Distributed RAM: Preliminary Mapping	Report (see note below)
+------------+---------------+-----------+----------------------+-------------+
|Module Name | RTL Object    | Inference | Size (Depth x Width) | Primitives  | 
+------------+---------------+-----------+----------------------+-------------+
|i_arm       | dp/rf/mem_reg | Implied   | 16 x 16              | RAM32M x 6	 | 
+------------+---------------+-----------+----------------------+-------------+

Note: The table above is a preliminary report that shows the Distributed RAMs at the current stage of the synthesis flow. Some Distributed RAMs may be reimplemented as non Distributed RAM primitives later in the synthesis flow. Multiple instantiated RAMs are reported only once.
---------------------------------------------------------------------------------
Finished ROM, RAM, DSP, Shift Register and Retiming Reporting
---------------------------------------------------------------------------------
---------------------------------------------------------------------------------
Start Applying XDC Timing Constraints
---------------------------------------------------------------------------------
---------------------------------------------------------------------------------
Finished Applying XDC Timing Constraints : Time (s): cpu = 00:00:13 ; elapsed = 00:00:14 . Memory (MB): peak = 1379.582 ; gain = 200.195
---------------------------------------------------------------------------------
---------------------------------------------------------------------------------
Start Timing Optimization
---------------------------------------------------------------------------------
---------------------------------------------------------------------------------
Finished Timing Optimization : Time (s): cpu = 00:00:15 ; elapsed = 00:00:15 . Memory (MB): peak = 1429.766 ; gain = 250.379
---------------------------------------------------------------------------------
---------------------------------------------------------------------------------
Start ROM, RAM, DSP, Shift Register and Retiming Reporting
---------------------------------------------------------------------------------

Distributed RAM: Final Mapping	Report
+------------+---------------+-----------+----------------------+-------------+
|Module Name | RTL Object    | Inference | Size (Depth x Width) | Primitives  | 
+------------+---------------+-----------+----------------------+-------------+
|i_arm       | dp/rf/mem_reg | Implied   | 16 x 16              | RAM32M x 6	 | 
+------------+---------------+-----------+----------------------+-------------+

---------------------------------------------------------------------------------
Finished ROM, RAM, DSP, Shift Register and Retiming Reporting
---------------------------------------------------------------------------------
---------------------------------------------------------------------------------
Start Technology Mapping
---------------------------------------------------------------------------------
---------------------------------------------------------------------------------
Finished Technology Mapping : Time (s): cpu = 00:00:15 ; elapsed = 00:00:15 . Memory (MB): peak = 1430.816 ; gain = 251.430
---------------------------------------------------------------------------------
---------------------------------------------------------------------------------
Start IO Insertion
---------------------------------------------------------------------------------
---------------------------------------------------------------------------------
Start Flattening Before IO Insertion
---------------------------------------------------------------------------------
---------------------------------------------------------------------------------
Finished Flattening Before IO Insertion
---------------------------------------------------------------------------------
---------------------------------------------------------------------------------
Start Final Netlist Cleanup
---------------------------------------------------------------------------------
---------------------------------------------------------------------------------
Finished Final Netlist Cleanup
---------------------------------------------------------------------------------
---------------------------------------------------------------------------------
Finished IO Insertion : Time (s): cpu = 00:00:17 ; elapsed = 00:00:17 . Memory (MB): peak = 1430.816 ; gain = 251.430
---------------------------------------------------------------------------------
---------------------------------------------------------------------------------
Start Renaming Generated Instances
---------------------------------------------------------------------------------
---------------------------------------------------------------------------------
Finished Renaming Generated Instances : Time (s): cpu = 00:00:17 ; elapsed = 00:00:17 . Memory (MB): peak = 1430.816 ; gain = 251.430
---------------------------------------------------------------------------------
---------------------------------------------------------------------------------
Start Rebuilding User Hierarchy
---------------------------------------------------------------------------------
---------------------------------------------------------------------------------
Finished Rebuilding User Hierarchy : Time (s): cpu = 00:00:17 ; elapsed = 00:00:17 . Memory (MB): peak = 1430.816 ; gain = 251.430
---------------------------------------------------------------------------------
---------------------------------------------------------------------------------
Start Renaming Generated Ports
---------------------------------------------------------------------------------
---------------------------------------------------------------------------------
Finished Renaming Generated Ports : Time (s): cpu = 00:00:17 ; elapsed = 00:00:17 . Memory (MB): peak = 1430.816 ; gain = 251.430
---------------------------------------------------------------------------------
---------------------------------------------------------------------------------
Start Handling Custom Attributes
---------------------------------------------------------------------------------
---------------------------------------------------------------------------------
Finished Handling Custom Attributes : Time (s): cpu = 00:00:17 ; elapsed = 00:00:17 . Memory (MB): peak = 1430.816 ; gain = 251.430
---------------------------------------------------------------------------------
---------------------------------------------------------------------------------
Start Renaming Generated Nets
---------------------------------------------------------------------------------
---------------------------------------------------------------------------------
Finished Renaming Generated Nets : Time (s): cpu = 00:00:17 ; elapsed = 00:00:17 . Memory (MB): peak = 1430.816 ; gain = 251.430
---------------------------------------------------------------------------------
---------------------------------------------------------------------------------
Start Writing Synthesis Report
---------------------------------------------------------------------------------

Report BlackBoxes: 
+------+--------------+----------+
|      |BlackBox name |Instances |
+------+--------------+----------+
|1     |clk_wiz       |         1|
|2     |ila_0         |         1|
|3     |imem          |         1|
|4     |dmem          |         1|
+------+--------------+----------+

Report Cell Usage: 
+------+-------------+------+
|      |Cell         |Count |
+------+-------------+------+
|1     |clk_wiz_bbox |     1|
|2     |dmem_bbox    |     1|
|3     |ila_0_bbox   |     1|
|4     |imem_bbox    |     1|
|5     |CARRY4       |    40|
|6     |LUT1         |    33|
|7     |LUT2         |    26|
|8     |LUT3         |    51|
|9     |LUT4         |    50|
|10    |LUT5         |    83|
|11    |LUT6         |   157|
|12    |MUXF7        |     1|
|13    |RAM32M       |     6|
|14    |FDCE         |    20|
|15    |IBUF         |     1|
|16    |OBUF         |     1|
+------+-------------+------+
---------------------------------------------------------------------------------
Finished Writing Synthesis Report : Time (s): cpu = 00:00:17 ; elapsed = 00:00:17 . Memory (MB): peak = 1430.816 ; gain = 251.430
---------------------------------------------------------------------------------
Synthesis finished with 0 errors, 0 critical warnings and 0 warnings.
Synthesis Optimization Runtime : Time (s): cpu = 00:00:12 ; elapsed = 00:00:16 . Memory (MB): peak = 1430.816 ; gain = 152.414
Synthesis Optimization Complete : Time (s): cpu = 00:00:17 ; elapsed = 00:00:18 . Memory (MB): peak = 1430.816 ; gain = 251.430
INFO: [Project 1-571] Translating synthesized netlist
Netlist sorting complete. Time (s): cpu = 00:00:00 ; elapsed = 00:00:00.013 . Memory (MB): peak = 1442.676 ; gain = 0.000
INFO: [Netlist 29-17] Analyzing 47 Unisim elements for replacement
INFO: [Netlist 29-28] Unisim Transformation completed in 0 CPU seconds
INFO: [Project 1-570] Preparing netlist for logic optimization
INFO: [Opt 31-138] Pushed 0 inverter(s) to 0 load pin(s).
Netlist sorting complete. Time (s): cpu = 00:00:00 ; elapsed = 00:00:00.001 . Memory (MB): peak = 1442.676 ; gain = 0.000
INFO: [Project 1-111] Unisim Transformation Summary:
  A total of 6 instances were transformed.
  RAM32M => RAM32M (RAMD32(x6), RAMS32(x2)): 6 instances

INFO: [Common 17-83] Releasing license: Synthesis
78 Infos, 8 Warnings, 0 Critical Warnings and 0 Errors encountered.
synth_design completed successfully
synth_design: Time (s): cpu = 00:00:22 ; elapsed = 00:00:23 . Memory (MB): peak = 1442.676 ; gain = 263.289
INFO: [Common 17-1381] The checkpoint 'D:/Workshop/HDL/53MHZtestok/53MHZtestok.runs/synth_1/top.dcp' has been generated.
INFO: [runtcl-4] Executing : report_utilization -file top_utilization_synth.rpt -pb top_utilization_synth.pb
INFO: [Common 17-206] Exiting Vivado at Fri Jun 24 00:31:12 2022...
